<?xml version="1.0" encoding="UTF-8"?>
<testsuite xmlns:xsi="http://www.w3.org/2001/XMLSchema-instance" xsi:noNamespaceSchemaLocation="https://maven.apache.org/surefire/maven-surefire-plugin/xsd/surefire-test-report.xsd" name="idarunner.RunOneRowCSV" time="0.209" tests="7" errors="0" skipped="6" failures="0">
  <properties>
[...]
</properties>
  <testcase name="Given I send csv file with one row" classname="| 1_deferred | 1 | false | all |" time="0">
    <skipped/>
    <system-out><![CDATA[Feature: Import and publish OneRowCSV

  @OneRowCSV
  Scenario Outline: Send CSV with one row                                                                  &amp#27;[90m# OneRowCSV.feature:4&amp#27;[0m
    &amp#27;[36mGiven &amp#27;[0m&amp#27;[36mI send csv file with one row&amp#27;[0m
    &amp#27;[36mAnd &amp#27;[0m&amp#27;[36mI checking data from imported file and status should be "PENDING"&amp#27;[0m
    &amp#27;[36mWhen &amp#27;[0m&amp#27;[36mI publish CSV file with data "<publication_param>","<days>","<quick_pay>","<exchange_recipients>"&amp#27;[0m
    &amp#27;[36mAnd &amp#27;[0m&amp#27;[36mI checking data after publish file and status should be "SUCCESS"&amp#27;[0m
    &amp#27;[36mThen &amp#27;[0m&amp#27;[36mI have get freight with valid data&amp#27;[0m

    Examples: 
]]></system-out>
  </testcase>
  <testcase name="And I checking data from imported file and status should be &quot;PENDING&quot;" classname="| 1_deferred | 1 | false | all |" time="0">
    <skipped/>
  </testcase>
  <testcase name="When I publish CSV file with data &quot;1_deferred&quot;,&quot;1&quot;,&quot;false&quot;,&quot;all&quot;" classname="| 1_deferred | 1 | false | all |" time="0">
    <skipped/>
  </testcase>
  <testcase name="And I checking data after publish file and status should be &quot;SUCCESS&quot;" classname="| 1_deferred | 1 | false | all |" time="0">
    <skipped/>
  </testcase>
  <testcase name="Then I have get freight with valid data" classname="| 1_deferred | 1 | false | all |" time="0">
    <skipped/>
  </testcase>
  <testcase name="| 1_deferred | 1 | false | all |" classname="| 1_deferred | 1 | false | all |" time="0">
    <skipped/>
  </testcase>
  <testcase name="| 1_deferred | 1 | false | all |" classname="| 1_deferred | 1 | false | all |" time="0"/>
</testsuite>